Mon Jun 24 15:06:14 2024 Authenticating method: sql
Mon Jun 24 15:06:14 2024 Store Replays: true
Mon Jun 24 15:06:14 2024 Client ID Required: false
Mon Jun 24 15:06:14 2024 Maximum user limit enabled: false
Mon Jun 24 15:06:14 2024 Accept registered users only: false
Mon Jun 24 15:06:14 2024 Registration enabled: false
Mon Jun 24 15:06:14 2024 Reset password enabled: false
Mon Jun 24 15:06:14 2024 Auditing enabled: true
Mon Jun 24 15:06:14 2024 Audit registration attempts enabled: true
Mon Jun 24 15:06:14 2024 Audit reset password attepts enabled: true
Mon Jun 24 15:06:14 2024 [main] Opening database...
Mon Jun 24 15:06:14 2024 Updating server list...
Mon Jun 24 15:06:14 2024 Clearing previous sessions...
Mon Jun 24 15:06:14 2024 Adding room: ID= 0 name= "General room"
Mon Jun 24 15:06:14 2024 [main] Opening database...
Mon Jun 24 15:06:14 2024 Starting status update clock, interval 15000 ms
Mon Jun 24 15:06:14 2024 [pool 0] Opening database...
Mon Jun 24 15:06:14 2024 Starting server on host "0.0.0.0" port 4747
Mon Jun 24 15:06:14 2024 Server listening.
Mon Jun 24 15:06:14 2024 [pool 999] Opening database...
Mon Jun 24 15:06:14 2024 Starting websocket server on host "0.0.0.0" port 4748
Mon Jun 24 15:06:14 2024 Websocket server listening.
Mon Jun 24 15:06:14 2024 Idle client timeout value: 3600
Mon Jun 24 15:06:14 2024 Set required client features to: QMap(("2.7.0_min_version", false)("2.8.0_min_version", false)("client_id", false)("client_ver", false)("client_warnings", false)("feature_set", false)("forgot_password", false)("idle_client", false)("mod_log_lookup", false)("room_chat_history", false)("user_ban_history", false)("websocket", false))
Mon Jun 24 15:06:29 2024 [main] Opening database...
Mon Jun 24 15:06:44 2024 [main] Opening database...
Mon Jun 24 15:06:59 2024 [main] Opening database...
Mon Jun 24 15:49:52 2024 Authenticating method: sql
Mon Jun 24 15:49:52 2024 Store Replays: true
Mon Jun 24 15:49:52 2024 Client ID Required: false
Mon Jun 24 15:49:52 2024 Maximum user limit enabled: true
Mon Jun 24 15:49:52 2024 Maximum total user limit: 50
Mon Jun 24 15:49:52 2024 Maximum tcp user limit: 50
Mon Jun 24 15:49:52 2024 Maximum websocket user limit: 50
Mon Jun 24 15:49:52 2024 Accept registered users only: false
Mon Jun 24 15:49:52 2024 Registration enabled: true
Mon Jun 24 15:49:52 2024 Email blacklist: QList()
Mon Jun 24 15:49:52 2024 Email whitelist: QList()
Mon Jun 24 15:49:52 2024 Require email address to register: true
Mon Jun 24 15:49:52 2024 Require email activation via token: true
Mon Jun 24 15:49:52 2024 Maximum number of accounts per email: 1
Mon Jun 24 15:49:52 2024 Enable Internal SMTP Client: true
Mon Jun 24 15:49:52 2024 Reset password enabled: true
Mon Jun 24 15:49:52 2024 Reset password token life (in minutes): 60
Mon Jun 24 15:49:52 2024 Reset password challenge on: false
Mon Jun 24 15:49:52 2024 Auditing enabled: true
Mon Jun 24 15:49:52 2024 Audit registration attempts enabled: true
Mon Jun 24 15:49:52 2024 Audit reset password attepts enabled: true
Mon Jun 24 15:49:52 2024 [main] Opening database...
Mon Jun 24 15:49:52 2024 Updating server list...
Mon Jun 24 15:49:52 2024 Clearing previous sessions...
Mon Jun 24 15:49:52 2024 Adding room: ID= 0 name= "General room"
Mon Jun 24 15:49:52 2024 [main] Opening database...
Mon Jun 24 15:49:52 2024 Starting status update clock, interval 15000 ms
Mon Jun 24 15:49:52 2024 [pool 0] Opening database...
Mon Jun 24 15:49:52 2024 Starting server on host "0.0.0.0" port 4747
Mon Jun 24 15:49:52 2024 Server listening.
Mon Jun 24 15:49:52 2024 [pool 999] Opening database...
Mon Jun 24 15:49:52 2024 Starting websocket server on host "0.0.0.0" port 4748
Mon Jun 24 15:49:52 2024 Websocket server listening.
Mon Jun 24 15:49:52 2024 Idle client timeout value: 3600
Mon Jun 24 15:49:52 2024 Set required client features to: QMap(("2.7.0_min_version", false)("2.8.0_min_version", false)("client_id", false)("client_ver", false)("client_warnings", false)("feature_set", false)("forgot_password", false)("idle_client", false)("mod_log_lookup", false)("room_chat_history", false)("user_ban_history", false)("websocket", false))
Mon Jun 24 15:50:08 2024 [main] Opening database...
